<?xml version="1.0" encoding="UTF-8"?>
<!-- Generated by org.testng.reporters.JUnitXMLReporter -->
<testsuite ignored="0" hostname="Desktop-M99Shamso" failures="0" tests="3" name="Default test" time="6.041" errors="0" timestamp="٢٠٢٤-٠٨-١٣T٢٣:١٦:٢٩ EET">
  <testcase classname="TestSuite" name="TC_CreateProduct_Func_01" time="0.893"/>
  <testcase classname="TestSuite" name="TC_CreateOrder_Func_02" time="1.372"/>
  <testcase classname="TestSuite" name="TC_DeleteOrder_Func_03" time="0.527"/>
</testsuite> <!-- Default test -->
