<?xml version="1.0" encoding="UTF-8"?>
<testng-results ignored="0" total="1" passed="1" failed="0" skipped="0">
  <reporter-output>
  </reporter-output>
  <suite started-at="٢٠٢٤-٠٨-٠٧T١٧:١٠:٣٤ EET" name="Default suite" finished-at="٢٠٢٤-٠٨-٠٧T١٧:١٠:٤٢ EET" duration-ms="7840">
    <groups>
    </groups>
    <test started-at="٢٠٢٤-٠٨-٠٧T١٧:١٠:٣٤ EET" name="Default test" finished-at="٢٠٢٤-٠٨-٠٧T١٧:١٠:٤٢ EET" duration-ms="7840">
      <class name="TestJiraAPI">
        <test-method signature="TestAddIssue()[pri:0, instance:TestJiraAPI@602e0143]" started-at="٢٠٢٤-٠٨-٠٧T١٧:١٠:٣٤ EET" name="TestAddIssue" finished-at="٢٠٢٤-٠٨-٠٧T١٧:١٠:٤٢ EET" duration-ms="7750" status="PASS">
          <reporter-output>
          </reporter-output>
        </test-method> <!-- TestAddIssue -->
      </class> <!-- TestJiraAPI -->
    </test> <!-- Default test -->
  </suite> <!-- Default suite -->
</testng-results>
