<?xml version="1.0" encoding="UTF-8"?>
<testng-results ignored="0" total="2" passed="2" failed="0" skipped="0">
  <reporter-output>
  </reporter-output>
  <suite started-at="٢٠٢٤-٠٨-٠٨T١٨:١٢:٤٩ EET" name="Default suite" finished-at="٢٠٢٤-٠٨-٠٨T١٨:١٢:٥٤ EET" duration-ms="4553">
    <groups>
    </groups>
    <test started-at="٢٠٢٤-٠٨-٠٨T١٨:١٢:٤٩ EET" name="Default test" finished-at="٢٠٢٤-٠٨-٠٨T١٨:١٢:٥٤ EET" duration-ms="4553">
      <class name="TestAuth">
        <test-method signature="getToken()[pri:0, instance:TestAuth@2c07545f]" started-at="٢٠٢٤-٠٨-٠٨T١٨:١٢:٤٩ EET" name="getToken" finished-at="٢٠٢٤-٠٨-٠٨T١٨:١٢:٥٣ EET" duration-ms="3883" status="PASS">
          <reporter-output>
          </reporter-output>
        </test-method> <!-- getToken -->
        <test-method signature="testToken()[pri:0, instance:TestAuth@2c07545f]" started-at="٢٠٢٤-٠٨-٠٨T١٨:١٢:٥٣ EET" name="testToken" finished-at="٢٠٢٤-٠٨-٠٨T١٨:١٢:٥٤ EET" duration-ms="577" status="PASS">
          <reporter-output>
          </reporter-output>
        </test-method> <!-- testToken -->
      </class> <!-- TestAuth -->
    </test> <!-- Default test -->
  </suite> <!-- Default suite -->
</testng-results>
