<?xml version="1.0" encoding="UTF-8"?>
<testng-results ignored="0" total="1" passed="1" failed="0" skipped="0">
  <reporter-output>
  </reporter-output>
  <suite started-at="٢٠٢٤-٠٨-١٣T٠٠:٢٧:٢٨ EET" name="Default suite" finished-at="٢٠٢٤-٠٨-١٣T٠٠:٢٧:٣١ EET" duration-ms="3791">
    <groups>
    </groups>
    <test started-at="٢٠٢٤-٠٨-١٣T٠٠:٢٧:٢٨ EET" name="Default test" finished-at="٢٠٢٤-٠٨-١٣T٠٠:٢٧:٣١ EET" duration-ms="3791">
      <class name="test">
        <test-method is-config="true" signature="TestToken()[pri:0, instance:test@436bc36]" started-at="٢٠٢٤-٠٨-١٣T٠٠:٢٧:٢٨ EET" name="TestToken" finished-at="٢٠٢٤-٠٨-١٣T٠٠:٢٧:٣١ EET" duration-ms="3203" status="PASS">
          <reporter-output>
          </reporter-output>
        </test-method> <!-- TestToken -->
        <test-method signature="TestGetCourse()[pri:0, instance:test@436bc36]" started-at="٢٠٢٤-٠٨-١٣T٠٠:٢٧:٣١ EET" name="TestGetCourse" finished-at="٢٠٢٤-٠٨-١٣T٠٠:٢٧:٣١ EET" duration-ms="542" status="PASS">
          <reporter-output>
          </reporter-output>
        </test-method> <!-- TestGetCourse -->
      </class> <!-- test -->
    </test> <!-- Default test -->
  </suite> <!-- Default suite -->
</testng-results>
