<?xml version="1.0" encoding="UTF-8"?>
<testng-results ignored="0" total="1" passed="1" failed="0" skipped="0">
  <reporter-output>
  </reporter-output>
  <suite started-at="٢٠٢٤-٠٨-٠٧T٠٠:٤٣:٤٠ EET" name="Default suite" finished-at="٢٠٢٤-٠٨-٠٧T٠٠:٤٣:٤٣ EET" duration-ms="2918">
    <groups>
    </groups>
    <test started-at="٢٠٢٤-٠٨-٠٧T٠٠:٤٣:٤٠ EET" name="Default test" finished-at="٢٠٢٤-٠٨-٠٧T٠٠:٤٣:٤٣ EET" duration-ms="2918">
      <class name="file.TestPayloadFile">
        <test-method signature="add_Book()[pri:0, instance:file.TestPayloadFile@63fbfaeb]" started-at="٢٠٢٤-٠٨-٠٧T٠٠:٤٣:٤٠ EET" name="add_Book" finished-at="٢٠٢٤-٠٨-٠٧T٠٠:٤٣:٤٣ EET" duration-ms="2840" status="PASS">
          <reporter-output>
          </reporter-output>
        </test-method> <!-- add_Book -->
      </class> <!-- file.TestPayloadFile -->
    </test> <!-- Default test -->
  </suite> <!-- Default suite -->
</testng-results>
